Watching for file changes with StatReloader
Not Found: /
[24/May/2026 12:53:30] "GET / HTTP/1.1" 404 2170
Not Found: /admin-dashboard/
[24/May/2026 12:53:37] "GET /admin-dashboard/ HTTP/1.1" 404 2236
[24/May/2026 12:53:45] "GET /admin/ HTTP/1.1" 302 0
[24/May/2026 12:53:45] "GET /admin/login/?next=/admin/ HTTP/1.1" 200 4158
[24/May/2026 12:53:47] "GET /static/admin/css/login.css HTTP/1.1" 200 958
[24/May/2026 12:53:47] "GET /static/admin/css/nav_sidebar.css HTTP/1.1" 200 2810
[24/May/2026 12:53:47] "GET /static/admin/css/base.css HTTP/1.1" 200 21544
[24/May/2026 12:53:47] "GET /static/admin/js/nav_sidebar.js HTTP/1.1" 200 3063
[24/May/2026 12:53:47] "GET /static/admin/css/dark_mode.css HTTP/1.1" 200 2682
[24/May/2026 12:53:47] "GET /static/admin/css/responsive.css HTTP/1.1" 200 17905
[24/May/2026 12:53:47] "GET /static/admin/js/theme.js HTTP/1.1" 200 1943
[24/May/2026 12:53:47] "GET /static/admin/js/nav_sidebar.js HTTP/1.1" 200 3063
[24/May/2026 12:53:47] "GET /static/admin/js/theme.js HTTP/1.1" 200 1943
Not Found: /
[24/May/2026 12:55:34] "GET / HTTP/1.1" 404 2170
[24/May/2026 12:56:28] "OPTIONS /api/auth/user/ HTTP/1.1" 200 0
[24/May/2026 12:56:28] "OPTIONS /api/auth/user/ HTTP/1.1" 200 0
[24/May/2026 12:56:28] "GET /api/auth/user/ HTTP/1.1" 200 47
[24/May/2026 12:56:28] "GET /api/auth/user/ HTTP/1.1" 200 47
[24/May/2026 12:56:37] "OPTIONS /api/auth/user/ HTTP/1.1" 200 0
[24/May/2026 12:56:37] "OPTIONS /api/divisions/?page_size=100 HTTP/1.1" 200 0
[24/May/2026 12:56:37] "OPTIONS /api/divisions/?page_size=100 HTTP/1.1" 200 0
[24/May/2026 12:56:37] "GET /api/auth/user/ HTTP/1.1" 200 47
[24/May/2026 12:56:37] "GET /api/divisions/?page_size=100 HTTP/1.1" 200 247
[24/May/2026 12:56:37] "GET /api/divisions/?page_size=100 HTTP/1.1" 200 247
[24/May/2026 12:56:39] "GET /api/auth/user/ HTTP/1.1" 200 47
[24/May/2026 12:56:45] "OPTIONS /api/auth/user/ HTTP/1.1" 200 0
[24/May/2026 12:56:45] "GET /api/auth/user/ HTTP/1.1" 200 47
[24/May/2026 12:58:42] "GET /api/products/ HTTP/1.1" 200 1104
[24/May/2026 12:58:42,489] - Broken pipe from ('127.0.0.1', 52800)
